<?xml version="1.0" encoding="UTF-8"?>
<!-- Generated by org.testng.reporters.JUnitReportReporter -->
<testsuite skipped="0" hostname="CSPNOR-1K6HZM2" name="weatherAPI.Weather" tests="4" failures="0" timestamp="2021-08-17T11:38:48 BST" time="3.014" errors="0">
  <testcase name="calculate_date" time="0.019" classname="weatherAPI.Weather"/>
  <system-out/>
  <testcase name="weather_location_parameters" time="0.023" classname="weatherAPI.Weather"/>
  <system-out/>
  <testcase name="weather_api_existing_test" time="2.703" classname="weatherAPI.Weather"/>
  <system-out/>
  <testcase name="weather_api_feature_test" time="0.269" classname="weatherAPI.Weather"/>
  <system-out/>
</testsuite> <!-- weatherAPI.Weather -->
